<?xml version="1.0" encoding="UTF-8"?>
<!-- Generated by org.testng.reporters.JUnitXMLReporter -->
<testsuite ignored="3" hostname="DESKTOP-S2I3HM2" failures="1" tests="1" name="Car Loan" time="0.038" errors="0" timestamp="2026-03-12T18:22:29 IST">
  <testcase classname="testNg.Day3" name="WebLoginCarLoan" time="0.0">
    <failure type="org.testng.TestNGException" message="
Parameter &amp;apos;URL&amp;apos; is required by @Test on method WebLoginCarLoan but has not been marked @Optional or defined
in C:\Users\AKSHAY\eclipse-workspace\Automation\testng.xml">
      <![CDATA[org.testng.TestNGException: 
Parameter 'URL' is required by @Test on method WebLoginCarLoan but has not been marked @Optional or defined
in C:\Users\AKSHAY\eclipse-workspace\Automation\testng.xml
at java.base/java.util.ArrayList.forEach(ArrayList.java:1596)
... Removed 26 stack frames]]>
    </failure>
  </testcase> <!-- WebLoginCarLoan -->
  <testcase classname="testNg.Day3" name="MobileSignoutCarLoan" time="0.0">
    <ignored/>
  </testcase> <!-- MobileSignoutCarLoan -->
  <testcase classname="testNg.Day3" name="MobileLoginCarLoan" time="0.0">
    <ignored/>
  </testcase> <!-- MobileLoginCarLoan -->
  <testcase classname="testNg.Day3" name="MobileLoginApiCarLoan" time="0.0">
    <ignored/>
  </testcase> <!-- MobileLoginApiCarLoan -->
</testsuite> <!-- Car Loan -->
