<?xml version="1.0" encoding="UTF-8"?>
<!-- Generated by org.testng.reporters.JUnitXMLReporter -->
<testsuite ignored="0" hostname="DESKTOP-S2I3HM2" failures="0" tests="4" name="Personal Loan" time="0.074" errors="0" timestamp="2026-03-12T21:51:49 IST">
  <testcase classname="testNg.Day2" name="ploan" time="0.004"/>
  <testcase classname="testNg.Day4" name="LoginApiHomeLoan" time="0.003"/>
  <testcase classname="testNg.Day4" name="MobileLoginHomeLoan" time="0.011"/>
  <testcase classname="testNg.Day4" name="WebLoginHomeLoan" time="0.009"/>
</testsuite> <!-- Personal Loan -->
