<?xml version="1.0" encoding="UTF-8"?>
<!-- Generated by org.testng.reporters.JUnitXMLReporter -->
<testsuite ignored="0" hostname="DESKTOP-S2I3HM2" failures="1" tests="4" name="RegressionNew" time="0.237" errors="0" timestamp="2026-03-12T23:50:12 IST">
  <testcase classname="testNg.Day2" name="ploan" time="0.017"/>
  <testcase classname="testNg.Day4" name="LoginApiHomeLoan" time="0.004"/>
  <testcase classname="testNg.Day4" name="MobileLoginHomeLoan" time="0.01"/>
  <testcase classname="testNg.Day4" name="WebLoginHomeLoan" time="0.0">
    <failure type="org.testng.TestNGException" message="
Parameter &amp;apos;URL&amp;apos; is required by @Test on method WebLoginHomeLoan but has not been marked @Optional or defined
in C:\Users\AKSHAY\eclipse-workspace\Automation\ParallelTesting.xml">
      <![CDATA[org.testng.TestNGException: 
Parameter 'URL' is required by @Test on method WebLoginHomeLoan but has not been marked @Optional or defined
in C:\Users\AKSHAY\eclipse-workspace\Automation\ParallelTesting.xml
at java.base/java.util.ArrayList.forEach(ArrayList.java:1596)
at java.base/java.util.concurrent.FutureTask.run(FutureTask.java:317)
at java.base/java.util.concurrent.ThreadPoolExecutor.runWorker(ThreadPoolExecutor.java:1144)
at java.base/java.util.concurrent.ThreadPoolExecutor$Worker.run(ThreadPoolExecutor.java:642)
at java.base/java.lang.Thread.run(Thread.java:1583)
... Removed 16 stack frames]]>
    </failure>
  </testcase> <!-- WebLoginHomeLoan -->
</testsuite> <!-- RegressionNew -->
