<?xml version="1.0" encoding="UTF-8"?>
<!-- Generated by org.testng.reporters.JUnitXMLReporter -->
<testsuite ignored="1" hostname="DESKTOP-S2I3HM2" failures="2" tests="8" name="Regression" time="0.357" errors="0" timestamp="2026-03-12T23:50:12 IST">
  <testcase classname="testNg.Day1" name="Demo" time="0.046">
    <failure type="java.lang.AssertionError" message="expected [true] but found [false]">
      <![CDATA[java.lang.AssertionError: expected [true] but found [false]
at testNg.Day1.Demo(Day1.java:20)
at java.base/java.util.ArrayList.forEach(ArrayList.java:1596)
at java.base/java.util.concurrent.FutureTask.run(FutureTask.java:317)
at java.base/java.util.concurrent.ThreadPoolExecutor.runWorker(ThreadPoolExecutor.java:1144)
at java.base/java.util.concurrent.ThreadPoolExecutor$Worker.run(ThreadPoolExecutor.java:642)
at java.base/java.lang.Thread.run(Thread.java:1583)
... Removed 19 stack frames]]>
    </failure>
  </testcase> <!-- Demo -->
  <testcase classname="testNg.Day1" name="SecondTest" time="0.007"/>
  <testcase classname="testNg.Day3" name="MobileLoginCarLoan" time="0.005"/>
  <testcase classname="testNg.Day3" name="WebLoginCarLoan" time="0.0">
    <failure type="org.testng.TestNGException" message="
Parameter &amp;apos;URL&amp;apos; is required by @Test on method WebLoginCarLoan but has not been marked @Optional or defined
in C:\Users\AKSHAY\eclipse-workspace\Automation\ParallelTesting.xml">
      <![CDATA[org.testng.TestNGException: 
Parameter 'URL' is required by @Test on method WebLoginCarLoan but has not been marked @Optional or defined
in C:\Users\AKSHAY\eclipse-workspace\Automation\ParallelTesting.xml
at java.base/java.util.ArrayList.forEach(ArrayList.java:1596)
at java.base/java.util.concurrent.FutureTask.run(FutureTask.java:317)
at java.base/java.util.concurrent.ThreadPoolExecutor.runWorker(ThreadPoolExecutor.java:1144)
at java.base/java.util.concurrent.ThreadPoolExecutor$Worker.run(ThreadPoolExecutor.java:642)
at java.base/java.lang.Thread.run(Thread.java:1583)
... Removed 16 stack frames]]>
    </failure>
  </testcase> <!-- WebLoginCarLoan -->
  <testcase classname="testNg.Day3" name="WebLoginNewCarLoan" time="0.011"/>
  <testcase classname="testNg.Day3" name="WebLoginNewCarLoan" time="0.004"/>
  <testcase classname="testNg.Day3" name="WebLoginNewCarLoan" time="0.009"/>
  <testcase classname="testNg.Day3" name="MobileLoginApiCarLoan" time="0.0">
    <skipped/>
  </testcase> <!-- MobileLoginApiCarLoan -->
  <testcase classname="testNg.Day3" name="MobileSignoutCarLoan" time="0.0">
    <ignored/>
  </testcase> <!-- MobileSignoutCarLoan -->
</testsuite> <!-- Regression -->
