<?xml version="1.0" encoding="UTF-8"?>
<testng-results ignored="0" total="1" passed="1" failed="0" skipped="0">
  <reporter-output>
  </reporter-output>
  <suite started-at="2026-03-22T18:40:25 IST" name="Default suite" finished-at="2026-03-22T18:40:25 IST" duration-ms="128">
    <groups>
    </groups>
    <test started-at="2026-03-22T18:40:25 IST" name="Default test" finished-at="2026-03-22T18:40:25 IST" duration-ms="128">
      <class name="framework.Ps">
        <test-method signature="testRun()[pri:0, instance:framework.Ps@74235045]" started-at="2026-03-22T18:40:25 IST" name="testRun" finished-at="2026-03-22T18:40:25 IST" duration-ms="28" status="PASS">
          <reporter-output>
          </reporter-output>
        </test-method> <!-- testRun -->
      </class> <!-- framework.Ps -->
    </test> <!-- Default test -->
  </suite> <!-- Default suite -->
</testng-results>
