<?xml version="1.0" encoding="UTF-8"?>
<!-- Generated by org.testng.reporters.JUnitReportReporter -->
<testsuite hostname="DESKTOP-S2I3HM2" failures="0" tests="10" name="course.StreamsExamples" time="0.133" errors="0" timestamp="2025-12-21T23:00:38 IST" skipped="0">
  <testcase classname="course.StreamsExamples" name="Uppercase" time="0.018"/>
  <testcase classname="course.StreamsExamples" name="sorting" time="0.017"/>
  <testcase classname="course.StreamsExamples" name="wordCountsecond" time="0.007"/>
  <testcase classname="course.StreamsExamples" name="streamCollectExamples" time="0.006"/>
  <testcase classname="course.StreamsExamples" name="CountGreaterThan" time="0.034"/>
  <testcase classname="course.StreamsExamples" name="mergeStream" time="0.016"/>
  <testcase classname="course.StreamsExamples" name="findMatch" time="0.012"/>
  <testcase classname="course.StreamsExamples" name="streamCollect" time="0.007"/>
  <testcase classname="course.StreamsExamples" name="limitNoOfResult" time="0.009"/>
  <testcase classname="course.StreamsExamples" name="wordCount" time="0.007"/>
</testsuite> <!-- course.StreamsExamples -->
